0 info it worked if it ends with ok
1 verbose cli [ 'E:\\NodeJS\\node.exe',
1 verbose cli   'E:\\NodeJS\\node_modules\\npm\\bin\\npm-cli.js',
1 verbose cli   'start' ]
2 info using npm@3.8.8
3 info using node@v4.3.2
4 verbose run-script [ 'prestart', 'start', 'poststart' ]
5 info lifecycle Sudoku@0.0.0~prestart: Sudoku@0.0.0
6 silly lifecycle Sudoku@0.0.0~prestart: no script for prestart, continuing
7 info lifecycle Sudoku@0.0.0~start: Sudoku@0.0.0
8 verbose lifecycle Sudoku@0.0.0~start: unsafe-perm in lifecycle true
9 verbose lifecycle Sudoku@0.0.0~start: PATH: E:\NodeJS\node_modules\npm\bin\node-gyp-bin;F:\Users\zxr\Documents\GitHub\Sudoku\node_modules\.bin;E:\NodeJS;F:\Users\zxr\bin;E:\Git\mingw64\bin;E:\Git\usr\local\bin;E:\Git\usr\bin;E:\Git\usr\bin;E:\Git\mingw64\bin;E:\Git\usr\bin;F:\Users\zxr\bin;F:\oraclexe\app\oracle\product\10.2.0\server\bin;F:\ProgramData\Oracle\Java\javapath;F:\Program Files (x86)\Common Files\NetSarang;F:\Windows\system32;F:\Windows;F:\Windows\System32\Wbem;F:\Windows\System32\WindowsPowerShell\v1.0;F:\Program Files (x86)\NVIDIA Corporation\PhysX\Common;G:\python2.7;F:\Program Files\Java\jdk1.8.0_77\bin;F:\Program Files\Java\jdk1.8.0_77\jre\bin;E:\NodeJS;node_modules\.bin;F:\ProgramData\chocolatey\bin;F:\tools\python2;F:\Program Files\ISC BIND 9\bin;E:\Git\cmd;F:\Ruby22-x64\bin;F:\Users\zxr\AppData\Roaming\npm;F:\Users\zxr\AppData\Local\Android\Sdk\tools;F:\Users\zxr\AppData\Local\Android\Sdk\platform-tools;F:\Program Files (x86)\Microsoft VS Code\bin;F:\Program Files\Docker Toolbox;E:\Git\usr\bin\vendor_perl;E:\Git\usr\bin\core_perl
10 verbose lifecycle Sudoku@0.0.0~start: CWD: F:\Users\zxr\Documents\GitHub\Sudoku
11 silly lifecycle Sudoku@0.0.0~start: Args: [ '/d /s /c', 'node ./bin/www' ]
12 silly lifecycle Sudoku@0.0.0~start: Returned: code: 1  signal: null
13 info lifecycle Sudoku@0.0.0~start: Failed to exec start script
14 verbose stack Error: Sudoku@0.0.0 start: `node ./bin/www`
14 verbose stack Exit status 1
14 verbose stack     at EventEmitter.<anonymous> (E:\NodeJS\node_modules\npm\lib\utils\lifecycle.js:244:16)
14 verbose stack     at emitTwo (events.js:87:13)
14 verbose stack     at EventEmitter.emit (events.js:172:7)
14 verbose stack     at ChildProcess.<anonymous> (E:\NodeJS\node_modules\npm\lib\utils\spawn.js:24:14)
14 verbose stack     at emitTwo (events.js:87:13)
14 verbose stack     at ChildProcess.emit (events.js:172:7)
14 verbose stack     at maybeClose (internal/child_process.js:821:16)
14 verbose stack     at Process.ChildProcess._handle.onexit (internal/child_process.js:211:5)
15 verbose pkgid Sudoku@0.0.0
16 verbose cwd F:\Users\zxr\Documents\GitHub\Sudoku
17 error Windows_NT 10.0.10240
18 error argv "E:\\NodeJS\\node.exe" "E:\\NodeJS\\node_modules\\npm\\bin\\npm-cli.js" "start"
19 error node v4.3.2
20 error npm  v3.8.8
21 error code ELIFECYCLE
22 error Sudoku@0.0.0 start: `node ./bin/www`
22 error Exit status 1
23 error Failed at the Sudoku@0.0.0 start script 'node ./bin/www'.
23 error Make sure you have the latest version of node.js and npm installed.
23 error If you do, this is most likely a problem with the Sudoku package,
23 error not with npm itself.
23 error Tell the author that this fails on your system:
23 error     node ./bin/www
23 error You can get information on how to open an issue for this project with:
23 error     npm bugs Sudoku
23 error Or if that isn't available, you can get their info via:
23 error     npm owner ls Sudoku
23 error There is likely additional logging output above.
24 verbose exit [ 1, true ]
